# JRE version: OpenJDK Runtime Environment (11.0.4+10) (build 11.0.4+10-b520.11)
# Java VM: OpenJDK 64-Bit Server VM (11.0.4+10-b520.11, mixed mode, tiered, compressed oops, g1 gc, linux-amd64)
Heap:
 garbage-first heap   total 132096K, used 26697K [0x00000000e0000000, 0x0000000100000000)
  region size 1024K, 2 young (2048K), 2 survivors (2048K)
 Metaspace       used 42600K, capacity 43436K, committed 43776K, reserved 292864K
  class space    used 5633K, capacity 5875K, committed 5888K, reserved 253952K
GC Heap History (10 events):
Event: 8,201 GC heap after
{Heap after GC invocations=7 (full 0):
 garbage-first heap   total 79872K, used 17194K [0x00000000e0000000, 0x0000000100000000)
  region size 1024K, 4 young (4096K), 4 survivors (4096K)
 Metaspace       used 26409K, capacity 26881K, committed 27136K, reserved 278528K
  class space    used 3331K, capacity 3490K, committed 3584K, reserved 253952K
}
Event: 10,093 GC heap before
{Heap before GC invocations=7 (full 0):
 garbage-first heap   total 79872K, used 52010K [0x00000000e0000000, 0x0000000100000000)
  region size 1024K, 36 young (36864K), 4 survivors (4096K)
 Metaspace       used 31964K, capacity 32553K, committed 32896K, reserved 282624K
  class space    used 3977K, capacity 4164K, committed 4224K, reserved 253952K
}
Event: 10,120 GC heap after
{Heap after GC invocations=8 (full 0):
 garbage-first heap   total 79872K, used 19836K [0x00000000e0000000, 0x0000000100000000)
  region size 1024K, 5 young (5120K), 5 survivors (5120K)
 Metaspace       used 31964K, capacity 32553K, committed 32896K, reserved 282624K
  class space    used 3977K, capacity 4164K, committed 4224K, reserved 253952K
}
Event: 11,568 GC heap before
{Heap before GC invocations=8 (full 0):
 garbage-first heap   total 79872K, used 43388K [0x00000000e0000000, 0x0000000100000000)
  region size 1024K, 29 young (29696K), 5 survivors (5120K)
 Metaspace       used 35051K, capacity 35773K, committed 35840K, reserved 286720K
  class space    used 4396K, capacity 4595K, committed 4608K, reserved 253952K
}
Event: 11,650 GC heap after
{Heap after GC invocations=9 (full 0):
 garbage-first heap   total 79872K, used 21420K [0x00000000e0000000, 0x0000000100000000)
  region size 1024K, 2 young (2048K), 2 survivors (2048K)
 Metaspace       used 35051K, capacity 35773K, committed 35840K, reserved 286720K
  class space    used 4396K, capacity 4595K, committed 4608K, reserved 253952K
}
Event: 13,245 GC heap before
{Heap before GC invocations=10 (full 0):
 garbage-first heap   total 79872K, used 52140K [0x00000000e0000000, 0x0000000100000000)
  region size 1024K, 32 young (32768K), 2 survivors (2048K)
 Metaspace       used 37764K, capacity 38530K, committed 38656K, reserved 288768K
  class space    used 4875K, capacity 5088K, committed 5120K, reserved 253952K
}
Event: 13,287 GC heap after
{Heap after GC invocations=11 (full 0):
 garbage-first heap   total 79872K, used 22083K [0x00000000e0000000, 0x0000000100000000)
  region size 1024K, 3 young (3072K), 3 survivors (3072K)
 Metaspace       used 37764K, capacity 38530K, committed 38656K, reserved 288768K
  class space    used 4875K, capacity 5088K, committed 5120K, reserved 253952K
}
Event: 24,254 GC heap before
{Heap before GC invocations=11 (full 0):
 garbage-first heap   total 79872K, used 53827K [0x00000000e0000000, 0x0000000100000000)
  region size 1024K, 34 young (34816K), 3 survivors (3072K)
 Metaspace       used 39077K, capacity 39856K, committed 40192K, reserved 288768K
  class space    used 5086K, capacity 5333K, committed 5376K, reserved 253952K
}
Event: 24,749 GC heap after
{Heap after GC invocations=12 (full 0):
 garbage-first heap   total 79872K, used 24935K [0x00000000e0000000, 0x0000000100000000)
  region size 1024K, 5 young (5120K), 5 survivors (5120K)
 Metaspace       used 39077K, capacity 39856K, committed 40192K, reserved 288768K
  class space    used 5086K, capacity 5333K, committed 5376K, reserved 253952K
}
Event: 52,442 GC heap before
{Heap before GC invocations=12 (full 0):
 garbage-first heap   total 79872K, used 55655K [0x00000000e0000000, 0x0000000100000000)
  region size 1024K, 36 young (36864K), 5 survivors (5120K)
 Metaspace       used 42600K, capacity 43436K, committed 43776K, reserved 292864K
  class space    used 5633K, capacity 5875K, committed 5888K, reserved 253952K
}

